<?xml version="1.0" encoding="UTF-8"?>
<testng-results skipped="0" failed="0" ignored="0" total="2" passed="2">
  <reporter-output>
  </reporter-output>
  <suite name="Default suite" duration-ms="22437" started-at="2021-03-24T10:03:58Z" finished-at="2021-03-24T10:04:21Z">
    <groups>
    </groups>
    <test name="Default test" duration-ms="22437" started-at="2021-03-24T10:03:58Z" finished-at="2021-03-24T10:04:21Z">
      <class name="OrHR.OrHR.OrHrTest">
        <test-method status="PASS" signature="test1()[pri:0, instance:OrHR.OrHR.OrHrTest@548e7350]" name="test1" is-config="true" duration-ms="13638" started-at="2021-03-24T15:33:58Z" finished-at="2021-03-24T15:34:12Z">
          <reporter-output>
          </reporter-output>
        </test-method> <!-- test1 -->
        <test-method status="PASS" signature="test2()[pri:1, instance:OrHR.OrHR.OrHrTest@548e7350]" name="test2" duration-ms="7377" started-at="2021-03-24T15:34:12Z" finished-at="2021-03-24T15:34:19Z">
          <reporter-output>
          </reporter-output>
        </test-method> <!-- test2 -->
        <test-method status="PASS" signature="test3()[pri:2, instance:OrHR.OrHR.OrHrTest@548e7350]" name="test3" duration-ms="1360" started-at="2021-03-24T15:34:19Z" finished-at="2021-03-24T15:34:21Z">
          <reporter-output>
          </reporter-output>
        </test-method> <!-- test3 -->
      </class> <!-- OrHR.OrHR.OrHrTest -->
    </test> <!-- Default test -->
  </suite> <!-- Default suite -->
</testng-results>
