<?xml version="1.0" encoding="UTF-8"?>
<testng-results skipped="0" failed="1" ignored="0" total="8" passed="7">
  <reporter-output>
  </reporter-output>
  <suite name="Default suite" duration-ms="33736" started-at="2021-01-18T12:15:10Z" finished-at="2021-01-18T12:15:44Z">
    <groups>
    </groups>
    <test name="Default test" duration-ms="33736" started-at="2021-01-18T12:15:10Z" finished-at="2021-01-18T12:15:44Z">
      <class name="com.Accept.AcceptDrgandDropTest">
        <test-method status="PASS" signature="browserLaunch()[pri:0, instance:com.Accept.AcceptDrgandDropTest@1bce4f0a]" name="browserLaunch" is-config="true" duration-ms="12284" started-at="2021-01-18T12:15:10Z" finished-at="2021-01-18T12:15:22Z">
          <reporter-output>
          </reporter-output>
        </test-method> <!-- browserLaunch -->
        <test-method status="PASS" signature="test1()[pri:1, instance:com.Accept.AcceptDrgandDropTest@1bce4f0a]" name="test1" duration-ms="2285" started-at="2021-01-18T12:15:22Z" finished-at="2021-01-18T12:15:25Z">
          <reporter-output>
          </reporter-output>
        </test-method> <!-- test1 -->
        <test-method status="PASS" signature="test2()[pri:2, instance:com.Accept.AcceptDrgandDropTest@1bce4f0a]" name="test2" duration-ms="4461" started-at="2021-01-18T12:15:25Z" finished-at="2021-01-18T12:15:29Z">
          <reporter-output>
          </reporter-output>
        </test-method> <!-- test2 -->
        <test-method status="PASS" signature="tr()[pri:3, instance:com.Accept.AcceptDrgandDropTest@1bce4f0a]" name="tr" duration-ms="901" started-at="2021-01-18T12:15:29Z" finished-at="2021-01-18T12:15:30Z">
          <reporter-output>
          </reporter-output>
        </test-method> <!-- tr -->
        <test-method status="PASS" signature="test3()[pri:4, instance:com.Accept.AcceptDrgandDropTest@1bce4f0a]" name="test3" duration-ms="2177" started-at="2021-01-18T12:15:30Z" finished-at="2021-01-18T12:15:32Z">
          <reporter-output>
          </reporter-output>
        </test-method> <!-- test3 -->
        <test-method status="PASS" signature="test4()[pri:5, instance:com.Accept.AcceptDrgandDropTest@1bce4f0a]" name="test4" duration-ms="4512" started-at="2021-01-18T12:15:32Z" finished-at="2021-01-18T12:15:37Z">
          <reporter-output>
          </reporter-output>
        </test-method> <!-- test4 -->
        <test-method status="PASS" signature="tr1()[pri:6, instance:com.Accept.AcceptDrgandDropTest@1bce4f0a]" name="tr1" duration-ms="605" started-at="2021-01-18T12:15:37Z" finished-at="2021-01-18T12:15:37Z">
          <reporter-output>
          </reporter-output>
        </test-method> <!-- tr1 -->
        <test-method status="FAIL" signature="test5()[pri:7, instance:com.Accept.AcceptDrgandDropTest@1bce4f0a]" name="test5" duration-ms="4215" started-at="2021-01-18T12:15:37Z" finished-at="2021-01-18T12:15:42Z">
          <exception class="org.openqa.selenium.JavascriptException">
            <message>
              <![CDATA[javascript error: Failed to execute 'elementsFromPoint' on 'Document': The provided double value is non-finite.
  (Session info: chrome=87.0.4280.141)
Build info: version: '3.141.59', revision: 'e82be7d358', time: '2018-11-14T08:17:03'
System info: host: 'OJAS-DD282', ip: '192.168.2.59', os.name: 'Windows 10', os.arch: 'amd64', os.version: '10.0', java.version: '1.8.0_261'
Driver info: org.openqa.selenium.chrome.ChromeDriver
Capabilities {acceptInsecureCerts: false, browserName: chrome, browserVersion: 87.0.4280.141, chrome: {chromedriverVersion: 87.0.4280.88 (89e2380a3e36c..., userDataDir: C:\Users\jv20273\AppData\Lo...}, goog:chromeOptions: {debuggerAddress: localhost:56853}, javascriptEnabled: true, networkConnectionEnabled: false, pageLoadStrategy: normal, platform: WINDOWS, platformName: WINDOWS, proxy: Proxy(), setWindowRect: true, strictFileInteractability: false, timeouts: {implicit: 0, pageLoad: 300000, script: 30000}, unhandledPromptBehavior: dismiss and notify, webauthn:virtualAuthenticators: true}
Session ID: 62dbeb2378937cc3363690efd49a787d]]>
            </message>
            <full-stacktrace>
              <![CDATA[org.openqa.selenium.JavascriptException: javascript error: Failed to execute 'elementsFromPoint' on 'Document': The provided double value is non-finite.
  (Session info: chrome=87.0.4280.141)
Build info: version: '3.141.59', revision: 'e82be7d358', time: '2018-11-14T08:17:03'
System info: host: 'OJAS-DD282', ip: '192.168.2.59', os.name: 'Windows 10', os.arch: 'amd64', os.version: '10.0', java.version: '1.8.0_261'
Driver info: org.openqa.selenium.chrome.ChromeDriver
Capabilities {acceptInsecureCerts: false, browserName: chrome, browserVersion: 87.0.4280.141, chrome: {chromedriverVersion: 87.0.4280.88 (89e2380a3e36c..., userDataDir: C:\Users\jv20273\AppData\Lo...}, goog:chromeOptions: {debuggerAddress: localhost:56853}, javascriptEnabled: true, networkConnectionEnabled: false, pageLoadStrategy: normal, platform: WINDOWS, platformName: WINDOWS, proxy: Proxy(), setWindowRect: true, strictFileInteractability: false, timeouts: {implicit: 0, pageLoad: 300000, script: 30000}, unhandledPromptBehavior: dismiss and notify, webauthn:virtualAuthenticators: true}
Session ID: 62dbeb2378937cc3363690efd49a787d
at sun.reflect.NativeConstructorAccessorImpl.newInstance0(Native Method)
at sun.reflect.NativeConstructorAccessorImpl.newInstance(NativeConstructorAccessorImpl.java:62)
at sun.reflect.DelegatingConstructorAccessorImpl.newInstance(DelegatingConstructorAccessorImpl.java:45)
at java.lang.reflect.Constructor.newInstance(Constructor.java:423)
at org.openqa.selenium.remote.http.W3CHttpResponseCodec.createException(W3CHttpResponseCodec.java:187)
at org.openqa.selenium.remote.http.W3CHttpResponseCodec.decode(W3CHttpResponseCodec.java:122)
at org.openqa.selenium.remote.http.W3CHttpResponseCodec.decode(W3CHttpResponseCodec.java:49)
at org.openqa.selenium.remote.HttpCommandExecutor.execute(HttpCommandExecutor.java:158)
at org.openqa.selenium.remote.service.DriverCommandExecutor.execute(DriverCommandExecutor.java:83)
at org.openqa.selenium.remote.RemoteWebDriver.execute(RemoteWebDriver.java:552)
at org.openqa.selenium.remote.RemoteWebDriver.perform(RemoteWebDriver.java:618)
at org.openqa.selenium.interactions.Actions$BuiltAction.perform(Actions.java:639)
at org.openqa.selenium.interactions.Actions.perform(Actions.java:595)
at com.Accept.Acceptdrganddrp.acTion4(Acceptdrganddrp.java:59)
at com.Accept.AcceptDrgandDropTest.test5(AcceptDrgandDropTest.java:62)
at sun.reflect.NativeMethodAccessorImpl.invoke0(Native Method)
at sun.reflect.NativeMethodAccessorImpl.invoke(NativeMethodAccessorImpl.java:62)
at sun.reflect.DelegatingMethodAccessorImpl.invoke(DelegatingMethodAccessorImpl.java:43)
at java.lang.reflect.Method.invoke(Method.java:498)
at org.testng.internal.MethodInvocationHelper.invokeMethod(MethodInvocationHelper.java:124)
at org.testng.internal.Invoker.invokeMethod(Invoker.java:583)
at org.testng.internal.Invoker.invokeTestMethod(Invoker.java:719)
at org.testng.internal.Invoker.invokeTestMethods(Invoker.java:989)
at org.testng.internal.TestMethodWorker.invokeTestMethods(TestMethodWorker.java:125)
at org.testng.internal.TestMethodWorker.run(TestMethodWorker.java:109)
at org.testng.TestRunner.privateRun(TestRunner.java:648)
at org.testng.TestRunner.run(TestRunner.java:505)
at org.testng.SuiteRunner.runTest(SuiteRunner.java:455)
at org.testng.SuiteRunner.runSequentially(SuiteRunner.java:450)
at org.testng.SuiteRunner.privateRun(SuiteRunner.java:415)
at org.testng.SuiteRunner.run(SuiteRunner.java:364)
at org.testng.SuiteRunnerWorker.runSuite(SuiteRunnerWorker.java:52)
at org.testng.SuiteRunnerWorker.run(SuiteRunnerWorker.java:84)
at org.testng.TestNG.runSuitesSequentially(TestNG.java:1208)
at org.testng.TestNG.runSuitesLocally(TestNG.java:1137)
at org.testng.TestNG.runSuites(TestNG.java:1049)
at org.testng.TestNG.run(TestNG.java:1017)
at org.testng.remote.AbstractRemoteTestNG.run(AbstractRemoteTestNG.java:114)
at org.testng.remote.RemoteTestNG.initAndRun(RemoteTestNG.java:251)
at org.testng.remote.RemoteTestNG.main(RemoteTestNG.java:77)
]]>
            </full-stacktrace>
          </exception> <!-- org.openqa.selenium.JavascriptException -->
          <reporter-output>
          </reporter-output>
        </test-method> <!-- test5 -->
        <test-method status="PASS" signature="test6()[pri:8, instance:com.Accept.AcceptDrgandDropTest@1bce4f0a]" name="test6" duration-ms="2229" started-at="2021-01-18T12:15:42Z" finished-at="2021-01-18T12:15:44Z">
          <reporter-output>
          </reporter-output>
        </test-method> <!-- test6 -->
      </class> <!-- com.Accept.AcceptDrgandDropTest -->
    </test> <!-- Default test -->
  </suite> <!-- Default suite -->
</testng-results>
